
*** Running vivado
    with args -log sync_full_adder.vdi -applog -m64 -product Vivado -messageDb vivado.pb -mode batch -source sync_full_adder.tcl -notrace


****** Vivado v2022.2 (64-bit)
  **** SW Build 3671981 on Fri Oct 14 04:59:54 MDT 2022
  **** IP Build 3669848 on Fri Oct 14 08:30:02 MDT 2022
    ** Copyright 1986-2022 Xilinx, Inc. All Rights Reserved.

source sync_full_adder.tcl -notrace
create_project: Time (s): cpu = 00:00:07 ; elapsed = 00:00:08 . Memory (MB): peak = 1663.605 ; gain = 19.152 ; free physical = 347 ; free virtual = 3264
Command: link_design -top sync_full_adder -part xc7z010clg400-1
Design is defaulting to srcset: sources_1
Design is defaulting to constrset: constrs_1
INFO: [Device 21-403] Loading part xc7z010clg400-1
Netlist sorting complete. Time (s): cpu = 00:00:00 ; elapsed = 00:00:00.01 . Memory (MB): peak = 2052.672 ; gain = 0.027 ; free physical = 71 ; free virtual = 2655
INFO: [Project 1-479] Netlist was created with Vivado 2022.2
INFO: [Project 1-570] Preparing netlist for logic optimization
Netlist sorting complete. Time (s): cpu = 00:00:00 ; elapsed = 00:00:00 . Memory (MB): peak = 2120.211 ; gain = 0.000 ; free physical = 103 ; free virtual = 2463
INFO: [Project 1-111] Unisim Transformation Summary:
No Unisim elements were transformed.

4 Infos, 0 Warnings, 0 Critical Warnings and 0 Errors encountered.
link_design completed successfully
link_design: Time (s): cpu = 00:00:12 ; elapsed = 00:00:16 . Memory (MB): peak = 2148.531 ; gain = 480.348 ; free physical = 90 ; free virtual = 2452
Command: opt_design
Attempting to get a license for feature 'Implementation' and/or device 'xc7z010'
INFO: [Common 17-349] Got license for feature 'Implementation' and/or device 'xc7z010'
Running DRC as a precondition to command opt_design

Starting DRC Task
INFO: [DRC 23-27] Running DRC with 8 threads
INFO: [Project 1-461] DRC finished with 0 Errors
INFO: [Project 1-462] Please refer to the DRC report (report_drc) for more information.

Time (s): cpu = 00:00:00.81 ; elapsed = 00:00:00.77 . Memory (MB): peak = 2227.133 ; gain = 78.496 ; free physical = 73 ; free virtual = 2436

Starting Cache Timing Information Task
INFO: [Timing 38-35] Done setting XDC timing constraints.
Ending Cache Timing Information Task | Checksum: 877dda8e

Time (s): cpu = 00:00:08 ; elapsed = 00:00:10 . Memory (MB): peak = 2699.691 ; gain = 472.559 ; free physical = 64 ; free virtual = 2000

Starting Logic Optimization Task

Phase 1 Retarget
INFO: [Opt 31-138] Pushed 0 inverter(s) to 0 load pin(s).
INFO: [Opt 31-49] Retargeted 0 cell(s).
Phase 1 Retarget | Checksum: 877dda8e

Time (s): cpu = 00:00:00.11 ; elapsed = 00:00:00.15 . Memory (MB): peak = 2982.676 ; gain = 0.867 ; free physical = 64 ; free virtual = 1790
INFO: [Opt 31-389] Phase Retarget created 0 cells and removed 0 cells

Phase 2 Constant propagation
INFO: [Opt 31-138] Pushed 0 inverter(s) to 0 load pin(s).
Phase 2 Constant propagation | Checksum: 877dda8e

Time (s): cpu = 00:00:00.12 ; elapsed = 00:00:00.15 . Memory (MB): peak = 2982.699 ; gain = 0.891 ; free physical = 64 ; free virtual = 1790
INFO: [Opt 31-389] Phase Constant propagation created 0 cells and removed 0 cells

Phase 3 Sweep
Phase 3 Sweep | Checksum: 877dda8e

Time (s): cpu = 00:00:00.13 ; elapsed = 00:00:00.17 . Memory (MB): peak = 2982.816 ; gain = 1.008 ; free physical = 64 ; free virtual = 1790
INFO: [Opt 31-389] Phase Sweep created 0 cells and removed 0 cells

Phase 4 BUFG optimization
Phase 4 BUFG optimization | Checksum: 877dda8e

Time (s): cpu = 00:00:00.19 ; elapsed = 00:00:00.24 . Memory (MB): peak = 3023.215 ; gain = 41.406 ; free physical = 72 ; free virtual = 1796
INFO: [Opt 31-662] Phase BUFG optimization created 0 cells of which 0 are BUFGs and removed 0 cells.

Phase 5 Shift Register Optimization
INFO: [Opt 31-1064] SRL Remap converted 0 SRLs to 0 registers and converted 0 registers of register chains to 0 SRLs
Phase 5 Shift Register Optimization | Checksum: 877dda8e

Time (s): cpu = 00:00:00.2 ; elapsed = 00:00:00.25 . Memory (MB): peak = 3023.238 ; gain = 41.430 ; free physical = 74 ; free virtual = 1793
INFO: [Opt 31-389] Phase Shift Register Optimization created 0 cells and removed 0 cells

Phase 6 Post Processing Netlist
Phase 6 Post Processing Netlist | Checksum: 877dda8e

Time (s): cpu = 00:00:00.2 ; elapsed = 00:00:00.25 . Memory (MB): peak = 3023.254 ; gain = 41.445 ; free physical = 74 ; free virtual = 1788
INFO: [Opt 31-389] Phase Post Processing Netlist created 0 cells and removed 0 cells
Opt_design Change Summary
=========================


-------------------------------------------------------------------------------------------------------------------------
|  Phase                        |  #Cells created  |  #Cells Removed  |  #Constrained objects preventing optimizations  |
-------------------------------------------------------------------------------------------------------------------------
|  Retarget                     |               0  |               0  |                                              0  |
|  Constant propagation         |               0  |               0  |                                              0  |
|  Sweep                        |               0  |               0  |                                              0  |
|  BUFG optimization            |               0  |               0  |                                              0  |
|  Shift Register Optimization  |               0  |               0  |                                              0  |
|  Post Processing Netlist      |               0  |               0  |                                              0  |
-------------------------------------------------------------------------------------------------------------------------



Starting Connectivity Check Task

Time (s): cpu = 00:00:00.01 ; elapsed = 00:00:00.01 . Memory (MB): peak = 3023.316 ; gain = 0.039 ; free physical = 77 ; free virtual = 1787
Ending Logic Optimization Task | Checksum: 877dda8e

Time (s): cpu = 00:00:00.22 ; elapsed = 00:00:00.28 . Memory (MB): peak = 3023.316 ; gain = 41.508 ; free physical = 78 ; free virtual = 1787

Starting Power Optimization Task
INFO: [Pwropt 34-132] Skipping clock gating for clocks with a period < 2.00 ns.
Ending Power Optimization Task | Checksum: 877dda8e

Time (s): cpu = 00:00:00.01 ; elapsed = 00:00:00.02 . Memory (MB): peak = 3023.434 ; gain = 0.070 ; free physical = 79 ; free virtual = 1787

Starting Final Cleanup Task
Ending Final Cleanup Task | Checksum: 877dda8e

Time (s): cpu = 00:00:00 ; elapsed = 00:00:00 . Memory (MB): peak = 3023.434 ; gain = 0.000 ; free physical = 79 ; free virtual = 1787

Starting Netlist Obfuscation Task
Netlist sorting complete. Time (s): cpu = 00:00:00 ; elapsed = 00:00:00 . Memory (MB): peak = 3023.441 ; gain = 0.000 ; free physical = 79 ; free virtual = 1787
Ending Netlist Obfuscation Task | Checksum: 877dda8e

Time (s): cpu = 00:00:00.01 ; elapsed = 00:00:00 . Memory (MB): peak = 3023.441 ; gain = 0.000 ; free physical = 79 ; free virtual = 1787
INFO: [Common 17-83] Releasing license: Implementation
21 Infos, 0 Warnings, 0 Critical Warnings and 0 Errors encountered.
opt_design completed successfully
opt_design: Time (s): cpu = 00:00:12 ; elapsed = 00:00:14 . Memory (MB): peak = 3023.461 ; gain = 874.910 ; free physical = 79 ; free virtual = 1787
INFO: [Common 17-1381] The checkpoint '/home/user/Desktop/Projects/Digital_VLSI/lab2/lab2.runs/impl_1/sync_full_adder_opt.dcp' has been generated.
INFO: [runtcl-4] Executing : report_drc -file sync_full_adder_drc_opted.rpt -pb sync_full_adder_drc_opted.pb -rpx sync_full_adder_drc_opted.rpx
Command: report_drc -file sync_full_adder_drc_opted.rpt -pb sync_full_adder_drc_opted.pb -rpx sync_full_adder_drc_opted.rpx
INFO: [IP_Flow 19-234] Refreshing IP repositories
INFO: [IP_Flow 19-1704] No user IP repositories specified
INFO: [IP_Flow 19-2313] Loaded Vivado IP repository '/home/user/Xilinx/Vivado/2022.2/data/ip'.
INFO: [DRC 23-27] Running DRC with 8 threads
INFO: [Vivado_Tcl 2-168] The results of DRC are in file /home/user/Desktop/Projects/Digital_VLSI/lab2/lab2.runs/impl_1/sync_full_adder_drc_opted.rpt.
report_drc completed successfully
Command: place_design
Attempting to get a license for feature 'Implementation' and/or device 'xc7z010'
INFO: [Common 17-349] Got license for feature 'Implementation' and/or device 'xc7z010'
INFO: [DRC 23-27] Running DRC with 8 threads
INFO: [Vivado_Tcl 4-198] DRC finished with 0 Errors
INFO: [Vivado_Tcl 4-199] Please refer to the DRC report (report_drc) for more information.
Running DRC as a precondition to command place_design
INFO: [DRC 23-27] Running DRC with 8 threads
INFO: [Vivado_Tcl 4-198] DRC finished with 0 Errors
INFO: [Vivado_Tcl 4-199] Please refer to the DRC report (report_drc) for more information.

Starting Placer Task
INFO: [Place 30-611] Multithreading enabled for place_design using a maximum of 8 CPUs

Phase 1 Placer Initialization

Phase 1.1 Placer Initialization Netlist Sorting
Netlist sorting complete. Time (s): cpu = 00:00:00 ; elapsed = 00:00:00 . Memory (MB): peak = 3122.691 ; gain = 0.000 ; free physical = 77 ; free virtual = 1733
Phase 1.1 Placer Initialization Netlist Sorting | Checksum: 245c8352

Time (s): cpu = 00:00:00.04 ; elapsed = 00:00:00.06 . Memory (MB): peak = 3122.691 ; gain = 0.000 ; free physical = 77 ; free virtual = 1733
Netlist sorting complete. Time (s): cpu = 00:00:00 ; elapsed = 00:00:00 . Memory (MB): peak = 3122.691 ; gain = 0.000 ; free physical = 76 ; free virtual = 1733

Phase 1.2 IO Placement/ Clock Placement/ Build Placer Device
INFO: [Timing 38-35] Done setting XDC timing constraints.
Phase 1.2 IO Placement/ Clock Placement/ Build Placer Device | Checksum: f80c3206

Time (s): cpu = 00:00:01 ; elapsed = 00:00:01 . Memory (MB): peak = 3122.691 ; gain = 0.000 ; free physical = 220 ; free virtual = 1838

Phase 1.3 Build Placer Netlist Model
Phase 1.3 Build Placer Netlist Model | Checksum: 16fc3e9f3

Time (s): cpu = 00:00:01 ; elapsed = 00:00:01 . Memory (MB): peak = 3122.691 ; gain = 0.000 ; free physical = 219 ; free virtual = 1839

Phase 1.4 Constrain Clocks/Macros
Phase 1.4 Constrain Clocks/Macros | Checksum: 16fc3e9f3

Time (s): cpu = 00:00:01 ; elapsed = 00:00:01 . Memory (MB): peak = 3122.691 ; gain = 0.000 ; free physical = 219 ; free virtual = 1839
Phase 1 Placer Initialization | Checksum: 16fc3e9f3

Time (s): cpu = 00:00:01 ; elapsed = 00:00:01 . Memory (MB): peak = 3122.691 ; gain = 0.000 ; free physical = 219 ; free virtual = 1840

Phase 2 Global Placement

Phase 2.1 Floorplanning
Phase 2.1 Floorplanning | Checksum: 16fc3e9f3

Time (s): cpu = 00:00:01 ; elapsed = 00:00:01 . Memory (MB): peak = 3122.691 ; gain = 0.000 ; free physical = 218 ; free virtual = 1839

Phase 2.2 Update Timing before SLR Path Opt
Phase 2.2 Update Timing before SLR Path Opt | Checksum: 16fc3e9f3

Time (s): cpu = 00:00:01 ; elapsed = 00:00:01 . Memory (MB): peak = 3122.691 ; gain = 0.000 ; free physical = 218 ; free virtual = 1839

Phase 2.3 Post-Processing in Floorplanning
Phase 2.3 Post-Processing in Floorplanning | Checksum: 16fc3e9f3

Time (s): cpu = 00:00:01 ; elapsed = 00:00:01 . Memory (MB): peak = 3122.691 ; gain = 0.000 ; free physical = 218 ; free virtual = 1839

Phase 2.4 Global Placement Core
WARNING: [Place 46-29] Timing had been disabled during Placer and, therefore, physical synthesis in Placer will be skipped.
Phase 2.4 Global Placement Core | Checksum: 136225d49

Time (s): cpu = 00:00:02 ; elapsed = 00:00:02 . Memory (MB): peak = 3122.691 ; gain = 0.000 ; free physical = 216 ; free virtual = 1842
Phase 2 Global Placement | Checksum: 136225d49

Time (s): cpu = 00:00:02 ; elapsed = 00:00:02 . Memory (MB): peak = 3122.691 ; gain = 0.000 ; free physical = 216 ; free virtual = 1842

Phase 3 Detail Placement

Phase 3.1 Commit Multi Column Macros
Phase 3.1 Commit Multi Column Macros | Checksum: 136225d49

Time (s): cpu = 00:00:02 ; elapsed = 00:00:02 . Memory (MB): peak = 3122.691 ; gain = 0.000 ; free physical = 216 ; free virtual = 1842

Phase 3.2 Commit Most Macros & LUTRAMs
Phase 3.2 Commit Most Macros & LUTRAMs | Checksum: 15c6314ed

Time (s): cpu = 00:00:02 ; elapsed = 00:00:02 . Memory (MB): peak = 3122.691 ; gain = 0.000 ; free physical = 216 ; free virtual = 1842

Phase 3.3 Area Swap Optimization
Phase 3.3 Area Swap Optimization | Checksum: 1a76b166c

Time (s): cpu = 00:00:02 ; elapsed = 00:00:02 . Memory (MB): peak = 3122.691 ; gain = 0.000 ; free physical = 216 ; free virtual = 1842

Phase 3.4 Pipeline Register Optimization
Phase 3.4 Pipeline Register Optimization | Checksum: 1a76b166c

Time (s): cpu = 00:00:02 ; elapsed = 00:00:02 . Memory (MB): peak = 3122.691 ; gain = 0.000 ; free physical = 216 ; free virtual = 1842

Phase 3.5 Small Shape Detail Placement
Phase 3.5 Small Shape Detail Placement | Checksum: 1f5d305eb

Time (s): cpu = 00:00:02 ; elapsed = 00:00:02 . Memory (MB): peak = 3122.691 ; gain = 0.000 ; free physical = 211 ; free virtual = 1839

Phase 3.6 Re-assign LUT pins
Phase 3.6 Re-assign LUT pins | Checksum: 1f5d305eb

Time (s): cpu = 00:00:02 ; elapsed = 00:00:02 . Memory (MB): peak = 3122.691 ; gain = 0.000 ; free physical = 211 ; free virtual = 1839

Phase 3.7 Pipeline Register Optimization
Phase 3.7 Pipeline Register Optimization | Checksum: 1f5d305eb

Time (s): cpu = 00:00:02 ; elapsed = 00:00:02 . Memory (MB): peak = 3122.691 ; gain = 0.000 ; free physical = 211 ; free virtual = 1839
Phase 3 Detail Placement | Checksum: 1f5d305eb

Time (s): cpu = 00:00:02 ; elapsed = 00:00:02 . Memory (MB): peak = 3122.691 ; gain = 0.000 ; free physical = 211 ; free virtual = 1839

Phase 4 Post Placement Optimization and Clean-Up

Phase 4.1 Post Commit Optimization
Phase 4.1 Post Commit Optimization | Checksum: 1f5d305eb

Time (s): cpu = 00:00:02 ; elapsed = 00:00:02 . Memory (MB): peak = 3122.691 ; gain = 0.000 ; free physical = 210 ; free virtual = 1838

Phase 4.2 Post Placement Cleanup
Phase 4.2 Post Placement Cleanup | Checksum: 1f5d305eb

Time (s): cpu = 00:00:02 ; elapsed = 00:00:02 . Memory (MB): peak = 3122.691 ; gain = 0.000 ; free physical = 209 ; free virtual = 1838

Phase 4.3 Placer Reporting

Phase 4.3.1 Print Estimated Congestion
INFO: [Place 30-612] Post-Placement Estimated Congestion 
 ____________________________________________________
|           | Global Congestion | Short Congestion  |
| Direction | Region Size       | Region Size       |
|___________|___________________|___________________|
|      North|                1x1|                1x1|
|___________|___________________|___________________|
|      South|                1x1|                1x1|
|___________|___________________|___________________|
|       East|                1x1|                1x1|
|___________|___________________|___________________|
|       West|                1x1|                1x1|
|___________|___________________|___________________|

Phase 4.3.1 Print Estimated Congestion | Checksum: 1f5d305eb

Time (s): cpu = 00:00:02 ; elapsed = 00:00:02 . Memory (MB): peak = 3122.691 ; gain = 0.000 ; free physical = 209 ; free virtual = 1838
Phase 4.3 Placer Reporting | Checksum: 1f5d305eb

Time (s): cpu = 00:00:02 ; elapsed = 00:00:02 . Memory (MB): peak = 3122.691 ; gain = 0.000 ; free physical = 209 ; free virtual = 1838

Phase 4.4 Final Placement Cleanup
Netlist sorting complete. Time (s): cpu = 00:00:00 ; elapsed = 00:00:00 . Memory (MB): peak = 3122.691 ; gain = 0.000 ; free physical = 209 ; free virtual = 1838

Time (s): cpu = 00:00:02 ; elapsed = 00:00:02 . Memory (MB): peak = 3122.691 ; gain = 0.000 ; free physical = 209 ; free virtual = 1838
Phase 4 Post Placement Optimization and Clean-Up | Checksum: 1fc447838

Time (s): cpu = 00:00:02 ; elapsed = 00:00:02 . Memory (MB): peak = 3122.691 ; gain = 0.000 ; free physical = 209 ; free virtual = 1838
Ending Placer Task | Checksum: 108753a87

Time (s): cpu = 00:00:02 ; elapsed = 00:00:02 . Memory (MB): peak = 3122.691 ; gain = 0.000 ; free physical = 209 ; free virtual = 1838
INFO: [Common 17-83] Releasing license: Implementation
39 Infos, 1 Warnings, 0 Critical Warnings and 0 Errors encountered.
place_design completed successfully
Writing XDEF routing.
Writing XDEF routing logical nets.
Writing XDEF routing special nets.
Write XDEF Complete: Time (s): cpu = 00:00:00.13 ; elapsed = 00:00:00.17 . Memory (MB): peak = 3122.691 ; gain = 0.000 ; free physical = 205 ; free virtual = 1836
INFO: [Common 17-1381] The checkpoint '/home/user/Desktop/Projects/Digital_VLSI/lab2/lab2.runs/impl_1/sync_full_adder_placed.dcp' has been generated.
INFO: [runtcl-4] Executing : report_io -file sync_full_adder_io_placed.rpt
report_io: Time (s): cpu = 00:00:00.27 ; elapsed = 00:00:00.43 . Memory (MB): peak = 3122.691 ; gain = 0.000 ; free physical = 175 ; free virtual = 1808
INFO: [runtcl-4] Executing : report_utilization -file sync_full_adder_utilization_placed.rpt -pb sync_full_adder_utilization_placed.pb
INFO: [runtcl-4] Executing : report_control_sets -verbose -file sync_full_adder_control_sets_placed.rpt
report_control_sets: Time (s): cpu = 00:00:00.18 ; elapsed = 00:00:00.29 . Memory (MB): peak = 3122.691 ; gain = 0.000 ; free physical = 175 ; free virtual = 1810
Command: phys_opt_design
Attempting to get a license for feature 'Implementation' and/or device 'xc7z010'
INFO: [Common 17-349] Got license for feature 'Implementation' and/or device 'xc7z010'

Starting Initial Update Timing Task

Time (s): cpu = 00:00:00.05 ; elapsed = 00:00:00.08 . Memory (MB): peak = 3122.691 ; gain = 0.000 ; free physical = 150 ; free virtual = 1787
INFO: [Vivado_Tcl 4-235] No timing constraint found. The netlist was not modified.
INFO: [Common 17-83] Releasing license: Implementation
46 Infos, 1 Warnings, 0 Critical Warnings and 0 Errors encountered.
phys_opt_design completed successfully
Writing XDEF routing.
Writing XDEF routing logical nets.
Writing XDEF routing special nets.
Write XDEF Complete: Time (s): cpu = 00:00:00.06 ; elapsed = 00:00:00.08 . Memory (MB): peak = 3122.691 ; gain = 0.000 ; free physical = 142 ; free virtual = 1779
INFO: [Common 17-1381] The checkpoint '/home/user/Desktop/Projects/Digital_VLSI/lab2/lab2.runs/impl_1/sync_full_adder_physopt.dcp' has been generated.
Command: route_design
Attempting to get a license for feature 'Implementation' and/or device 'xc7z010'
INFO: [Common 17-349] Got license for feature 'Implementation' and/or device 'xc7z010'
Running DRC as a precondition to command route_design
INFO: [DRC 23-27] Running DRC with 8 threads
INFO: [Vivado_Tcl 4-198] DRC finished with 0 Errors
INFO: [Vivado_Tcl 4-199] Please refer to the DRC report (report_drc) for more information.


Starting Routing Task
INFO: [Route 35-254] Multithreading enabled for route_design using a maximum of 8 CPUs

Phase 1 Build RT Design
Checksum: PlaceDB: 870218be ConstDB: 0 ShapeSum: 817321c9 RouteDB: 0
Post Restoration Checksum: NetGraph: c923845a NumContArr: b86df36 Constraints: 0 Timing: 0
Phase 1 Build RT Design | Checksum: d4aa6390

Time (s): cpu = 00:00:13 ; elapsed = 00:00:13 . Memory (MB): peak = 3122.691 ; gain = 0.000 ; free physical = 80 ; free virtual = 1726

Phase 2 Router Initialization
INFO: [Route 35-64] No timing constraints were detected. The router will operate in resource-optimization mode.

Phase 2.1 Fix Topology Constraints
Phase 2.1 Fix Topology Constraints | Checksum: d4aa6390

Time (s): cpu = 00:00:13 ; elapsed = 00:00:13 . Memory (MB): peak = 3122.691 ; gain = 0.000 ; free physical = 74 ; free virtual = 1689

Phase 2.2 Pre Route Cleanup
Phase 2.2 Pre Route Cleanup | Checksum: d4aa6390

Time (s): cpu = 00:00:13 ; elapsed = 00:00:13 . Memory (MB): peak = 3122.691 ; gain = 0.000 ; free physical = 74 ; free virtual = 1690
 Number of Nodes with overlaps = 0

Router Utilization Summary
  Global Vertical Routing Utilization    = 0 %
  Global Horizontal Routing Utilization  = 0 %
  Routable Net Status*
  *Does not include unroutable nets such as driverless and loadless.
  Run report_route_status for detailed report.
  Number of Failed Nets               = 5
    (Failed Nets is the sum of unrouted and partially routed nets)
  Number of Unrouted Nets             = 5
  Number of Partially Routed Nets     = 0
  Number of Node Overlaps             = 0

Phase 2 Router Initialization | Checksum: f1b107f1

Time (s): cpu = 00:00:14 ; elapsed = 00:00:13 . Memory (MB): peak = 3122.691 ; gain = 0.000 ; free physical = 73 ; free virtual = 1689

Phase 3 Initial Routing

Phase 3.1 Global Routing
Phase 3.1 Global Routing | Checksum: f1b107f1

Time (s): cpu = 00:00:14 ; elapsed = 00:00:13 . Memory (MB): peak = 3122.691 ; gain = 0.000 ; free physical = 73 ; free virtual = 1689
Phase 3 Initial Routing | Checksum: dea1ee20

Time (s): cpu = 00:00:14 ; elapsed = 00:00:13 . Memory (MB): peak = 3122.691 ; gain = 0.000 ; free physical = 72 ; free virtual = 1689

Phase 4 Rip-up And Reroute

Phase 4.1 Global Iteration 0
 Number of Nodes with overlaps = 0
Phase 4.1 Global Iteration 0 | Checksum: 13327fe3e

Time (s): cpu = 00:00:14 ; elapsed = 00:00:13 . Memory (MB): peak = 3122.691 ; gain = 0.000 ; free physical = 71 ; free virtual = 1688
Phase 4 Rip-up And Reroute | Checksum: 13327fe3e

Time (s): cpu = 00:00:14 ; elapsed = 00:00:13 . Memory (MB): peak = 3122.691 ; gain = 0.000 ; free physical = 71 ; free virtual = 1688

Phase 5 Delay and Skew Optimization
Phase 5 Delay and Skew Optimization | Checksum: 13327fe3e

Time (s): cpu = 00:00:14 ; elapsed = 00:00:13 . Memory (MB): peak = 3122.691 ; gain = 0.000 ; free physical = 71 ; free virtual = 1688

Phase 6 Post Hold Fix

Phase 6.1 Hold Fix Iter
Phase 6.1 Hold Fix Iter | Checksum: 13327fe3e

Time (s): cpu = 00:00:14 ; elapsed = 00:00:13 . Memory (MB): peak = 3122.691 ; gain = 0.000 ; free physical = 71 ; free virtual = 1688
Phase 6 Post Hold Fix | Checksum: 13327fe3e

Time (s): cpu = 00:00:14 ; elapsed = 00:00:13 . Memory (MB): peak = 3122.691 ; gain = 0.000 ; free physical = 71 ; free virtual = 1688

Phase 7 Route finalize

Router Utilization Summary
  Global Vertical Routing Utilization    = 0.00140766 %
  Global Horizontal Routing Utilization  = 0.00252757 %
  Routable Net Status*
  *Does not include unroutable nets such as driverless and loadless.
  Run report_route_status for detailed report.
  Number of Failed Nets               = 0
    (Failed Nets is the sum of unrouted and partially routed nets)
  Number of Unrouted Nets             = 0
  Number of Partially Routed Nets     = 0
  Number of Node Overlaps             = 0

Congestion Report
North Dir 1x1 Area, Max Cong = 5.40541%, No Congested Regions.
South Dir 1x1 Area, Max Cong = 1.8018%, No Congested Regions.
East Dir 1x1 Area, Max Cong = 2.94118%, No Congested Regions.
West Dir 1x1 Area, Max Cong = 2.94118%, No Congested Regions.

------------------------------
Reporting congestion hotspots
------------------------------
Direction: North
----------------
Congested clusters found at Level 0
Effective congestion level: 0 Aspect Ratio: 1 Sparse Ratio: 0
Direction: South
----------------
Congested clusters found at Level 0
Effective congestion level: 0 Aspect Ratio: 1 Sparse Ratio: 0
Direction: East
----------------
Congested clusters found at Level 0
Effective congestion level: 0 Aspect Ratio: 1 Sparse Ratio: 0
Direction: West
----------------
Congested clusters found at Level 0
Effective congestion level: 0 Aspect Ratio: 1 Sparse Ratio: 0

Phase 7 Route finalize | Checksum: 13327fe3e

Time (s): cpu = 00:00:14 ; elapsed = 00:00:13 . Memory (MB): peak = 3122.691 ; gain = 0.000 ; free physical = 71 ; free virtual = 1688

Phase 8 Verifying routed nets

 Verification completed successfully
Phase 8 Verifying routed nets | Checksum: 13327fe3e

Time (s): cpu = 00:00:14 ; elapsed = 00:00:13 . Memory (MB): peak = 3122.691 ; gain = 0.000 ; free physical = 69 ; free virtual = 1686

Phase 9 Depositing Routes
Phase 9 Depositing Routes | Checksum: 128128456

Time (s): cpu = 00:00:14 ; elapsed = 00:00:13 . Memory (MB): peak = 3122.691 ; gain = 0.000 ; free physical = 69 ; free virtual = 1686
INFO: [Route 35-16] Router Completed Successfully

Time (s): cpu = 00:00:14 ; elapsed = 00:00:13 . Memory (MB): peak = 3122.691 ; gain = 0.000 ; free physical = 93 ; free virtual = 1711

Routing Is Done.
INFO: [Common 17-83] Releasing license: Implementation
55 Infos, 1 Warnings, 0 Critical Warnings and 0 Errors encountered.
route_design completed successfully
route_design: Time (s): cpu = 00:00:15 ; elapsed = 00:00:14 . Memory (MB): peak = 3122.691 ; gain = 0.000 ; free physical = 87 ; free virtual = 1708
Writing XDEF routing.
Writing XDEF routing logical nets.
Writing XDEF routing special nets.
Write XDEF Complete: Time (s): cpu = 00:00:00.07 ; elapsed = 00:00:00.08 . Memory (MB): peak = 3122.691 ; gain = 0.000 ; free physical = 83 ; free virtual = 1705
INFO: [Common 17-1381] The checkpoint '/home/user/Desktop/Projects/Digital_VLSI/lab2/lab2.runs/impl_1/sync_full_adder_routed.dcp' has been generated.
INFO: [runtcl-4] Executing : report_drc -file sync_full_adder_drc_routed.rpt -pb sync_full_adder_drc_routed.pb -rpx sync_full_adder_drc_routed.rpx
Command: report_drc -file sync_full_adder_drc_routed.rpt -pb sync_full_adder_drc_routed.pb -rpx sync_full_adder_drc_routed.rpx
INFO: [IP_Flow 19-1839] IP Catalog is up to date.
INFO: [DRC 23-27] Running DRC with 8 threads
INFO: [Vivado_Tcl 2-168] The results of DRC are in file /home/user/Desktop/Projects/Digital_VLSI/lab2/lab2.runs/impl_1/sync_full_adder_drc_routed.rpt.
report_drc completed successfully
INFO: [runtcl-4] Executing : report_methodology -file sync_full_adder_methodology_drc_routed.rpt -pb sync_full_adder_methodology_drc_routed.pb -rpx sync_full_adder_methodology_drc_routed.rpx
Command: report_methodology -file sync_full_adder_methodology_drc_routed.rpt -pb sync_full_adder_methodology_drc_routed.pb -rpx sync_full_adder_methodology_drc_routed.rpx
INFO: [Timing 38-35] Done setting XDC timing constraints.
INFO: [DRC 23-133] Running Methodology with 8 threads
INFO: [Vivado_Tcl 2-1520] The results of Report Methodology are in file /home/user/Desktop/Projects/Digital_VLSI/lab2/lab2.runs/impl_1/sync_full_adder_methodology_drc_routed.rpt.
report_methodology completed successfully
INFO: [runtcl-4] Executing : report_power -file sync_full_adder_power_routed.rpt -pb sync_full_adder_power_summary_routed.pb -rpx sync_full_adder_power_routed.rpx
Command: report_power -file sync_full_adder_power_routed.rpt -pb sync_full_adder_power_summary_routed.pb -rpx sync_full_adder_power_routed.rpx
INFO: [Timing 38-35] Done setting XDC timing constraints.
WARNING: [Power 33-232] No user defined clocks were found in the design! Power estimation will be inaccurate until this is corrected.
Resolution: Please specify clocks using create_clock/create_generated_clock for sequential elements. For pure combinatorial circuits, please specify a virtual clock, otherwise the vectorless estimation might be inaccurate
Running Vector-less Activity Propagation...

Finished Running Vector-less Activity Propagation
66 Infos, 2 Warnings, 0 Critical Warnings and 0 Errors encountered.
report_power completed successfully
INFO: [runtcl-4] Executing : report_route_status -file sync_full_adder_route_status.rpt -pb sync_full_adder_route_status.pb
INFO: [runtcl-4] Executing : report_timing_summary -max_paths 10 -report_unconstrained -file sync_full_adder_timing_summary_routed.rpt -pb sync_full_adder_timing_summary_routed.pb -rpx sync_full_adder_timing_summary_routed.rpx -warn_on_violation 
INFO: [Timing 38-91] UpdateTimingParams: Speed grade: -1, Delay Type: min_max.
INFO: [Timing 38-191] Multithreading enabled for timing update using a maximum of 8 CPUs
WARNING: [Timing 38-313] There are no user specified timing constraints. Timing constraints are needed for proper timing analysis.
INFO: [runtcl-4] Executing : report_incremental_reuse -file sync_full_adder_incremental_reuse_routed.rpt
INFO: [Vivado_Tcl 4-1062] Incremental flow is disabled. No incremental reuse Info to report.
INFO: [runtcl-4] Executing : report_clock_utilization -file sync_full_adder_clock_utilization_routed.rpt
INFO: [runtcl-4] Executing : report_bus_skew -warn_on_violation -file sync_full_adder_bus_skew_routed.rpt -pb sync_full_adder_bus_skew_routed.pb -rpx sync_full_adder_bus_skew_routed.rpx
INFO: [Timing 38-91] UpdateTimingParams: Speed grade: -1, Delay Type: min_max.
INFO: [Timing 38-191] Multithreading enabled for timing update using a maximum of 8 CPUs
INFO: [Common 17-206] Exiting Vivado at Wed Mar 11 18:09:00 2026...
