Copyright 1986-2022 Xilinx, Inc. All Rights Reserved.
------------------------------------------------------------------------------------------------------------------------------------------------------------------------------------------------------------------------------------------
| Tool Version : Vivado v.2022.2 (lin64) Build 3671981 Fri Oct 14 04:59:54 MDT 2022
| Date         : Wed Mar 11 18:08:59 2026
| Host         : a8ac387b7edc running 64-bit Ubuntu 22.04.5 LTS
| Command      : report_timing_summary -max_paths 10 -report_unconstrained -file sync_full_adder_timing_summary_routed.rpt -pb sync_full_adder_timing_summary_routed.pb -rpx sync_full_adder_timing_summary_routed.rpx -warn_on_violation
| Design       : sync_full_adder
| Device       : 7z010-clg400
| Speed File   : -1  PRODUCTION 1.12 2019-11-22
------------------------------------------------------------------------------------------------------------------------------------------------------------------------------------------------------------------------------------------

Timing Summary Report

------------------------------------------------------------------------------------------------
| Timer Settings
| --------------
------------------------------------------------------------------------------------------------

  Enable Multi Corner Analysis               :  Yes
  Enable Pessimism Removal                   :  Yes
  Pessimism Removal Resolution               :  Nearest Common Node
  Enable Input Delay Default Clock           :  No
  Enable Preset / Clear Arcs                 :  No
  Disable Flight Delays                      :  No
  Ignore I/O Paths                           :  No
  Timing Early Launch at Borrowing Latches   :  No
  Borrow Time for Max Delay Exceptions       :  Yes
  Merge Timing Exceptions                    :  Yes

  Corner  Analyze    Analyze    
  Name    Max Paths  Min Paths  
  ------  ---------  ---------  
  Slow    Yes        Yes        
  Fast    Yes        Yes        


------------------------------------------------------------------------------------------------
| Report Methodology
| ------------------
------------------------------------------------------------------------------------------------

Rule       Severity          Description                  Violations  
---------  ----------------  ---------------------------  ----------  
TIMING-17  Critical Warning  Non-clocked sequential cell  2           

Note: This report is based on the most recent report_methodology run and may not be up-to-date. Run report_methodology on the current design for the latest report.



check_timing report

Table of Contents
-----------------
1. checking no_clock (2)
2. checking constant_clock (0)
3. checking pulse_width_clock (0)
4. checking unconstrained_internal_endpoints (2)
5. checking no_input_delay (3)
6. checking no_output_delay (2)
7. checking multiple_clock (0)
8. checking generated_clocks (0)
9. checking loops (0)
10. checking partial_input_delay (0)
11. checking partial_output_delay (0)
12. checking latch_loops (0)

1. checking no_clock (2)
------------------------
 There are 2 register/latch pins with no clock driven by root clock pin: clk (HIGH)


2. checking constant_clock (0)
------------------------------
 There are 0 register/latch pins with constant_clock.


3. checking pulse_width_clock (0)
---------------------------------
 There are 0 register/latch pins which need pulse_width check


4. checking unconstrained_internal_endpoints (2)
------------------------------------------------
 There are 2 pins that are not constrained for maximum delay. (HIGH)

 There are 0 pins that are not constrained for maximum delay due to constant clock.


5. checking no_input_delay (3)
------------------------------
 There are 3 input ports with no input delay specified. (HIGH)

 There are 0 input ports with no input delay but user has a false path constraint.


6. checking no_output_delay (2)
-------------------------------
 There are 2 ports with no output delay specified. (HIGH)

 There are 0 ports with no output delay but user has a false path constraint

 There are 0 ports with no output delay but with a timing clock defined on it or propagating through it


7. checking multiple_clock (0)
------------------------------
 There are 0 register/latch pins with multiple clocks.


8. checking generated_clocks (0)
--------------------------------
 There are 0 generated clocks that are not connected to a clock source.


9. checking loops (0)
---------------------
 There are 0 combinational loops in the design.


10. checking partial_input_delay (0)
------------------------------------
 There are 0 input ports with partial input delay specified.


11. checking partial_output_delay (0)
-------------------------------------
 There are 0 ports with partial output delay specified.


12. checking latch_loops (0)
----------------------------
 There are 0 combinational latch loops in the design through latch input



------------------------------------------------------------------------------------------------
| Design Timing Summary
| ---------------------
------------------------------------------------------------------------------------------------

    WNS(ns)      TNS(ns)  TNS Failing Endpoints  TNS Total Endpoints      WHS(ns)      THS(ns)  THS Failing Endpoints  THS Total Endpoints     WPWS(ns)     TPWS(ns)  TPWS Failing Endpoints  TPWS Total Endpoints  
    -------      -------  ---------------------  -------------------      -------      -------  ---------------------  -------------------     --------     --------  ----------------------  --------------------  
        inf        0.000                      0                    4          inf        0.000                      0                    4           NA           NA                      NA                    NA  


There are no user specified timing constraints.


------------------------------------------------------------------------------------------------
| Clock Summary
| -------------
------------------------------------------------------------------------------------------------


------------------------------------------------------------------------------------------------
| Intra Clock Table
| -----------------
------------------------------------------------------------------------------------------------

Clock             WNS(ns)      TNS(ns)  TNS Failing Endpoints  TNS Total Endpoints      WHS(ns)      THS(ns)  THS Failing Endpoints  THS Total Endpoints     WPWS(ns)     TPWS(ns)  TPWS Failing Endpoints  TPWS Total Endpoints  
-----             -------      -------  ---------------------  -------------------      -------      -------  ---------------------  -------------------     --------     --------  ----------------------  --------------------  


------------------------------------------------------------------------------------------------
| Inter Clock Table
| -----------------
------------------------------------------------------------------------------------------------

From Clock    To Clock          WNS(ns)      TNS(ns)  TNS Failing Endpoints  TNS Total Endpoints      WHS(ns)      THS(ns)  THS Failing Endpoints  THS Total Endpoints  
----------    --------          -------      -------  ---------------------  -------------------      -------      -------  ---------------------  -------------------  


------------------------------------------------------------------------------------------------
| Other Path Groups Table
| -----------------------
------------------------------------------------------------------------------------------------

Path Group    From Clock    To Clock          WNS(ns)      TNS(ns)  TNS Failing Endpoints  TNS Total Endpoints      WHS(ns)      THS(ns)  THS Failing Endpoints  THS Total Endpoints  
----------    ----------    --------          -------      -------  ---------------------  -------------------      -------      -------  ---------------------  -------------------  


------------------------------------------------------------------------------------------------
| User Ignored Path Table
| -----------------------
------------------------------------------------------------------------------------------------

Path Group    From Clock    To Clock    
----------    ----------    --------    


------------------------------------------------------------------------------------------------
| Unconstrained Path Table
| ------------------------
------------------------------------------------------------------------------------------------

Path Group    From Clock    To Clock    
----------    ----------    --------    
(none)                                    


------------------------------------------------------------------------------------------------
| Timing Details
| --------------
------------------------------------------------------------------------------------------------


--------------------------------------------------------------------------------------
Path Group:  (none)
From Clock:  
  To Clock:  

Max Delay             4 Endpoints
Min Delay             4 Endpoints
--------------------------------------------------------------------------------------


Max Delay Paths
--------------------------------------------------------------------------------------
Slack:                    inf
  Source:                 sum_reg/C
                            (rising edge-triggered cell FDRE)
  Destination:            sum
                            (output port)
  Path Group:             (none)
  Path Type:              Max at Slow Process Corner
  Data Path Delay:        4.972ns  (logic 3.237ns (65.114%)  route 1.735ns (34.886%))
  Logic Levels:           2  (FDRE=1 OBUF=1)

    Location             Delay type                Incr(ns)  Path(ns)    Netlist Resource(s)
  -------------------------------------------------------------------    -------------------
    SLICE_X43Y1          FDRE                         0.000     0.000 r  sum_reg/C
    SLICE_X43Y1          FDRE (Prop_fdre_C_Q)         0.419     0.419 r  sum_reg/Q
                         net (fo=1, routed)           1.735     2.154    sum_OBUF
    N17                  OBUF (Prop_obuf_I_O)         2.818     4.972 r  sum_OBUF_inst/O
                         net (fo=0)                   0.000     4.972    sum
    N17                                                               r  sum (OUT)
  -------------------------------------------------------------------    -------------------

Slack:                    inf
  Source:                 cout_reg/C
                            (rising edge-triggered cell FDRE)
  Destination:            cout
                            (output port)
  Path Group:             (none)
  Path Type:              Max at Slow Process Corner
  Data Path Delay:        4.898ns  (logic 3.091ns (63.101%)  route 1.807ns (36.899%))
  Logic Levels:           2  (FDRE=1 OBUF=1)

    Location             Delay type                Incr(ns)  Path(ns)    Netlist Resource(s)
  -------------------------------------------------------------------    -------------------
    SLICE_X43Y1          FDRE                         0.000     0.000 r  cout_reg/C
    SLICE_X43Y1          FDRE (Prop_fdre_C_Q)         0.456     0.456 r  cout_reg/Q
                         net (fo=1, routed)           1.807     2.263    cout_OBUF
    P18                  OBUF (Prop_obuf_I_O)         2.635     4.898 r  cout_OBUF_inst/O
                         net (fo=0)                   0.000     4.898    cout
    P18                                                               r  cout (OUT)
  -------------------------------------------------------------------    -------------------

Slack:                    inf
  Source:                 a
                            (input port)
  Destination:            sum_reg/D
  Path Group:             (none)
  Path Type:              Max at Slow Process Corner
  Data Path Delay:        2.472ns  (logic 1.102ns (44.578%)  route 1.370ns (55.422%))
  Logic Levels:           2  (IBUF=1 LUT3=1)

    Location             Delay type                Incr(ns)  Path(ns)    Netlist Resource(s)
  -------------------------------------------------------------------    -------------------
    T19                                               0.000     0.000 r  a (IN)
                         net (fo=0)                   0.000     0.000    a
    T19                  IBUF (Prop_ibuf_I_O)         0.950     0.950 r  a_IBUF_inst/O
                         net (fo=2, routed)           1.370     2.320    a_IBUF
    SLICE_X43Y1          LUT3 (Prop_lut3_I1_O)        0.152     2.472 r  sum_i_1/O
                         net (fo=1, routed)           0.000     2.472    sum0
    SLICE_X43Y1          FDRE                                         r  sum_reg/D
  -------------------------------------------------------------------    -------------------

Slack:                    inf
  Source:                 a
                            (input port)
  Destination:            cout_reg/D
  Path Group:             (none)
  Path Type:              Max at Slow Process Corner
  Data Path Delay:        2.444ns  (logic 1.074ns (43.943%)  route 1.370ns (56.057%))
  Logic Levels:           2  (IBUF=1 LUT3=1)

    Location             Delay type                Incr(ns)  Path(ns)    Netlist Resource(s)
  -------------------------------------------------------------------    -------------------
    T19                                               0.000     0.000 r  a (IN)
                         net (fo=0)                   0.000     0.000    a
    T19                  IBUF (Prop_ibuf_I_O)         0.950     0.950 r  a_IBUF_inst/O
                         net (fo=2, routed)           1.370     2.320    a_IBUF
    SLICE_X43Y1          LUT3 (Prop_lut3_I1_O)        0.124     2.444 r  cout_i_1/O
                         net (fo=1, routed)           0.000     2.444    cout_i_1_n_0
    SLICE_X43Y1          FDRE                                         r  cout_reg/D
  -------------------------------------------------------------------    -------------------





Min Delay Paths
--------------------------------------------------------------------------------------
Slack:                    inf
  Source:                 b
                            (input port)
  Destination:            cout_reg/D
  Path Group:             (none)
  Path Type:              Min at Fast Process Corner
  Data Path Delay:        0.588ns  (logic 0.213ns (36.178%)  route 0.375ns (63.822%))
  Logic Levels:           2  (IBUF=1 LUT3=1)

    Location             Delay type                Incr(ns)  Path(ns)    Netlist Resource(s)
  -------------------------------------------------------------------    -------------------
    P16                                               0.000     0.000 r  b (IN)
                         net (fo=0)                   0.000     0.000    b
    P16                  IBUF (Prop_ibuf_I_O)         0.168     0.168 r  b_IBUF_inst/O
                         net (fo=2, routed)           0.375     0.543    b_IBUF
    SLICE_X43Y1          LUT3 (Prop_lut3_I0_O)        0.045     0.588 r  cout_i_1/O
                         net (fo=1, routed)           0.000     0.588    cout_i_1_n_0
    SLICE_X43Y1          FDRE                                         r  cout_reg/D
  -------------------------------------------------------------------    -------------------

Slack:                    inf
  Source:                 b
                            (input port)
  Destination:            sum_reg/D
  Path Group:             (none)
  Path Type:              Min at Fast Process Corner
  Data Path Delay:        0.589ns  (logic 0.214ns (36.286%)  route 0.375ns (63.714%))
  Logic Levels:           2  (IBUF=1 LUT3=1)

    Location             Delay type                Incr(ns)  Path(ns)    Netlist Resource(s)
  -------------------------------------------------------------------    -------------------
    P16                                               0.000     0.000 r  b (IN)
                         net (fo=0)                   0.000     0.000    b
    P16                  IBUF (Prop_ibuf_I_O)         0.168     0.168 r  b_IBUF_inst/O
                         net (fo=2, routed)           0.375     0.543    b_IBUF
    SLICE_X43Y1          LUT3 (Prop_lut3_I2_O)        0.046     0.589 r  sum_i_1/O
                         net (fo=1, routed)           0.000     0.589    sum0
    SLICE_X43Y1          FDRE                                         r  sum_reg/D
  -------------------------------------------------------------------    -------------------

Slack:                    inf
  Source:                 cout_reg/C
                            (rising edge-triggered cell FDRE)
  Destination:            cout
                            (output port)
  Path Group:             (none)
  Path Type:              Min at Fast Process Corner
  Data Path Delay:        1.685ns  (logic 1.293ns (76.713%)  route 0.392ns (23.287%))
  Logic Levels:           2  (FDRE=1 OBUF=1)

    Location             Delay type                Incr(ns)  Path(ns)    Netlist Resource(s)
  -------------------------------------------------------------------    -------------------
    SLICE_X43Y1          FDRE                         0.000     0.000 r  cout_reg/C
    SLICE_X43Y1          FDRE (Prop_fdre_C_Q)         0.141     0.141 r  cout_reg/Q
                         net (fo=1, routed)           0.392     0.533    cout_OBUF
    P18                  OBUF (Prop_obuf_I_O)         1.152     1.685 r  cout_OBUF_inst/O
                         net (fo=0)                   0.000     1.685    cout
    P18                                                               r  cout (OUT)
  -------------------------------------------------------------------    -------------------

Slack:                    inf
  Source:                 sum_reg/C
                            (rising edge-triggered cell FDRE)
  Destination:            sum
                            (output port)
  Path Group:             (none)
  Path Type:              Min at Fast Process Corner
  Data Path Delay:        1.714ns  (logic 1.342ns (78.320%)  route 0.372ns (21.680%))
  Logic Levels:           2  (FDRE=1 OBUF=1)

    Location             Delay type                Incr(ns)  Path(ns)    Netlist Resource(s)
  -------------------------------------------------------------------    -------------------
    SLICE_X43Y1          FDRE                         0.000     0.000 r  sum_reg/C
    SLICE_X43Y1          FDRE (Prop_fdre_C_Q)         0.128     0.128 r  sum_reg/Q
                         net (fo=1, routed)           0.372     0.500    sum_OBUF
    N17                  OBUF (Prop_obuf_I_O)         1.214     1.714 r  sum_OBUF_inst/O
                         net (fo=0)                   0.000     1.714    sum
    N17                                                               r  sum (OUT)
  -------------------------------------------------------------------    -------------------





